Hello
Warning: you requested the nanomsg event logger, but bmv2 was compiled without -DBMELOG, and the event logger cannot be activated
Calling target program-options parser
[21:27:17.764] [bmv2] [D] [thread 23235] Set default default entry for table 'tbl_conga134': conga134 - 
[21:27:17.764] [bmv2] [D] [thread 23235] Set default default entry for table 'MyIngress.ipv4_lpm': MyIngress.drop - 
[21:27:17.764] [bmv2] [D] [thread 23235] Set default default entry for table 'MyIngress.ecmp_group_to_nhop': NoAction - 
[21:27:17.764] [bmv2] [D] [thread 23235] Set default default entry for table 'MyIngress.egress_type_table': MyIngress.drop - 
[21:27:17.764] [bmv2] [D] [thread 23235] Set default default entry for table 'tbl_conga154': conga154 - 
[21:27:17.764] [bmv2] [D] [thread 23235] Set default default entry for table 'tbl_drop': MyIngress.drop - 
[21:27:17.765] [bmv2] [D] [thread 23235] Set default default entry for table 'tbl_conga188': conga188 - 
[21:27:17.765] [bmv2] [D] [thread 23235] Set default default entry for table 'tbl_conga194': conga194 - 
[21:27:17.765] [bmv2] [D] [thread 23235] Set default default entry for table 'tbl_conga199': conga199 - 
[21:27:17.765] [bmv2] [D] [thread 23235] Set default default entry for table 'tbl_conga204': conga204 - 
[21:27:17.765] [bmv2] [D] [thread 23235] Set default default entry for table 'tbl_conga219': conga219 - 
[21:27:17.765] [bmv2] [D] [thread 23235] Set default default entry for table 'tbl_conga221': conga221 - 
[21:27:17.765] [bmv2] [D] [thread 23235] Set default default entry for table 'tbl_conga224': conga224 - 
[21:27:17.765] [bmv2] [D] [thread 23235] Set default default entry for table 'tbl_conga229': conga229 - 
[21:27:17.765] [bmv2] [D] [thread 23235] Set default default entry for table 'tbl_conga235': conga235 - 
Adding interface s6-eth1 as port 1
[21:27:17.769] [bmv2] [D] [thread 23235] Adding interface s6-eth1 as port 1
Adding interface s6-eth2 as port 2
[21:27:17.823] [bmv2] [D] [thread 23235] Adding interface s6-eth2 as port 2
Adding interface s6-eth3 as port 3
[21:27:17.863] [bmv2] [D] [thread 23235] Adding interface s6-eth3 as port 3
Adding interface s6-eth4 as port 4
[21:27:17.903] [bmv2] [D] [thread 23235] Adding interface s6-eth4 as port 4
Adding interface s6-eth5 as port 5
[21:27:17.954] [bmv2] [D] [thread 23235] Adding interface s6-eth5 as port 5
Adding interface s6-eth6 as port 6
[21:27:18.007] [bmv2] [D] [thread 23235] Adding interface s6-eth6 as port 6
Adding interface s6-eth7 as port 7
[21:27:18.063] [bmv2] [D] [thread 23235] Adding interface s6-eth7 as port 7
Adding interface s6-eth8 as port 8
[21:27:18.108] [bmv2] [D] [thread 23235] Adding interface s6-eth8 as port 8
[21:27:18.160] [bmv2] [I] [thread 23235] Starting Thrift server on port 9095
[21:27:18.161] [bmv2] [I] [thread 23235] Thrift server was started
[21:27:18.162] [bmv2] [D] [thread 23246] [0.0] [cxt 0] Processing packet received on port 1
[21:27:18.162] [bmv2] [D] [thread 23246] [0.0] [cxt 0] Parser 'parser': start
[21:27:18.162] [bmv2] [D] [thread 23246] [0.0] [cxt 0] Parser 'parser' entering state 'start'
[21:27:18.162] [bmv2] [D] [thread 23246] [0.0] [cxt 0] Extracting header 'ethernet'
[21:27:18.162] [bmv2] [D] [thread 23246] [0.0] [cxt 0] Parser state 'start': key is 86dd
[21:27:18.162] [bmv2] [T] [thread 23246] [0.0] [cxt 0] Bytes parsed: 14
[21:27:18.162] [bmv2] [D] [thread 23246] [0.0] [cxt 0] Parser 'parser': end
[21:27:18.162] [bmv2] [D] [thread 23246] [0.0] [cxt 0] Pipeline 'ingress': start
[21:27:18.162] [bmv2] [T] [thread 23246] [0.0] [cxt 0] /home/p4/cs145-23-project6-AaditSaluja/p4src/conga.p4(133) Condition "standard_metadata.instance_type == 4" (node_2) is false
[21:27:18.162] [bmv2] [T] [thread 23246] [0.0] [cxt 0] /home/p4/cs145-23-project6-AaditSaluja/p4src/conga.p4(141) Condition "hdr.ipv4.isValid()" (node_4) is false
[21:27:18.162] [bmv2] [T] [thread 23246] [0.0] [cxt 0] Applying table 'MyIngress.egress_type_table'
[21:27:18.162] [bmv2] [D] [thread 23246] [0.0] [cxt 0] Looking up key:
* standard_metadata.egress_spec: 0000

[21:27:18.162] [bmv2] [D] [thread 23246] [0.0] [cxt 0] Table 'MyIngress.egress_type_table': miss
[21:27:18.162] [bmv2] [D] [thread 23246] [0.0] [cxt 0] Action entry is MyIngress.drop - 
[21:27:18.162] [bmv2] [T] [thread 23246] [0.0] [cxt 0] Action MyIngress.drop
[21:27:18.162] [bmv2] [T] [thread 23246] [0.0] [cxt 0] /home/p4/cs145-23-project6-AaditSaluja/p4src/conga.p4(35) Primitive mark_to_drop(standard_metadata)
[21:27:18.162] [bmv2] [T] [thread 23246] [0.0] [cxt 0] /home/p4/cs145-23-project6-AaditSaluja/p4src/conga.p4(151) Condition "hdr.ethernet.etherType == 0x7778 && standard_metadata.instance_type == 0" (node_8) is false
[21:27:18.162] [bmv2] [D] [thread 23246] [0.0] [cxt 0] Pipeline 'ingress': end
[21:27:18.162] [bmv2] [D] [thread 23246] [0.0] [cxt 0] Egress port is 511
[21:27:18.162] [bmv2] [D] [thread 23246] [0.0] [cxt 0] Dropping packet at the end of ingress
[21:27:18.162] [bmv2] [D] [thread 23246] [1.0] [cxt 0] Processing packet received on port 2
[21:27:18.162] [bmv2] [D] [thread 23246] [1.0] [cxt 0] Parser 'parser': start
[21:27:18.162] [bmv2] [D] [thread 23246] [1.0] [cxt 0] Parser 'parser' entering state 'start'
[21:27:18.162] [bmv2] [D] [thread 23246] [1.0] [cxt 0] Extracting header 'ethernet'
[21:27:18.162] [bmv2] [D] [thread 23246] [1.0] [cxt 0] Parser state 'start': key is 86dd
[21:27:18.162] [bmv2] [T] [thread 23246] [1.0] [cxt 0] Bytes parsed: 14
[21:27:18.162] [bmv2] [D] [thread 23246] [1.0] [cxt 0] Parser 'parser': end
[21:27:18.162] [bmv2] [D] [thread 23246] [1.0] [cxt 0] Pipeline 'ingress': start
[21:27:18.162] [bmv2] [T] [thread 23246] [1.0] [cxt 0] /home/p4/cs145-23-project6-AaditSaluja/p4src/conga.p4(133) Condition "standard_metadata.instance_type == 4" (node_2) is false
[21:27:18.162] [bmv2] [T] [thread 23246] [1.0] [cxt 0] /home/p4/cs145-23-project6-AaditSaluja/p4src/conga.p4(141) Condition "hdr.ipv4.isValid()" (node_4) is false
[21:27:18.162] [bmv2] [T] [thread 23246] [1.0] [cxt 0] Applying table 'MyIngress.egress_type_table'
[21:27:18.162] [bmv2] [D] [thread 23246] [1.0] [cxt 0] Looking up key:
* standard_metadata.egress_spec: 0000

[21:27:18.162] [bmv2] [D] [thread 23246] [1.0] [cxt 0] Table 'MyIngress.egress_type_table': miss
[21:27:18.162] [bmv2] [D] [thread 23246] [1.0] [cxt 0] Action entry is MyIngress.drop - 
[21:27:18.162] [bmv2] [T] [thread 23246] [1.0] [cxt 0] Action MyIngress.drop
[21:27:18.162] [bmv2] [T] [thread 23246] [1.0] [cxt 0] /home/p4/cs145-23-project6-AaditSaluja/p4src/conga.p4(35) Primitive mark_to_drop(standard_metadata)
[21:27:18.162] [bmv2] [T] [thread 23246] [1.0] [cxt 0] /home/p4/cs145-23-project6-AaditSaluja/p4src/conga.p4(151) Condition "hdr.ethernet.etherType == 0x7778 && standard_metadata.instance_type == 0" (node_8) is false
[21:27:18.162] [bmv2] [D] [thread 23246] [1.0] [cxt 0] Pipeline 'ingress': end
[21:27:18.162] [bmv2] [D] [thread 23246] [1.0] [cxt 0] Egress port is 511
[21:27:18.162] [bmv2] [D] [thread 23246] [1.0] [cxt 0] Dropping packet at the end of ingress
[21:27:18.162] [bmv2] [D] [thread 23246] [2.0] [cxt 0] Processing packet received on port 3
[21:27:18.162] [bmv2] [D] [thread 23246] [2.0] [cxt 0] Parser 'parser': start
[21:27:18.162] [bmv2] [D] [thread 23246] [2.0] [cxt 0] Parser 'parser' entering state 'start'
[21:27:18.162] [bmv2] [D] [thread 23246] [2.0] [cxt 0] Extracting header 'ethernet'
[21:27:18.162] [bmv2] [D] [thread 23246] [2.0] [cxt 0] Parser state 'start': key is 86dd
[21:27:18.162] [bmv2] [T] [thread 23246] [2.0] [cxt 0] Bytes parsed: 14
[21:27:18.162] [bmv2] [D] [thread 23246] [2.0] [cxt 0] Parser 'parser': end
[21:27:18.162] [bmv2] [D] [thread 23246] [2.0] [cxt 0] Pipeline 'ingress': start
[21:27:18.162] [bmv2] [T] [thread 23246] [2.0] [cxt 0] /home/p4/cs145-23-project6-AaditSaluja/p4src/conga.p4(133) Condition "standard_metadata.instance_type == 4" (node_2) is false
[21:27:18.162] [bmv2] [T] [thread 23246] [2.0] [cxt 0] /home/p4/cs145-23-project6-AaditSaluja/p4src/conga.p4(141) Condition "hdr.ipv4.isValid()" (node_4) is false
[21:27:18.162] [bmv2] [T] [thread 23246] [2.0] [cxt 0] Applying table 'MyIngress.egress_type_table'
[21:27:18.162] [bmv2] [D] [thread 23246] [2.0] [cxt 0] Looking up key:
* standard_metadata.egress_spec: 0000

[21:27:18.162] [bmv2] [D] [thread 23246] [2.0] [cxt 0] Table 'MyIngress.egress_type_table': miss
[21:27:18.162] [bmv2] [D] [thread 23246] [2.0] [cxt 0] Action entry is MyIngress.drop - 
[21:27:18.162] [bmv2] [T] [thread 23246] [2.0] [cxt 0] Action MyIngress.drop
[21:27:18.162] [bmv2] [T] [thread 23246] [2.0] [cxt 0] /home/p4/cs145-23-project6-AaditSaluja/p4src/conga.p4(35) Primitive mark_to_drop(standard_metadata)
[21:27:18.162] [bmv2] [T] [thread 23246] [2.0] [cxt 0] /home/p4/cs145-23-project6-AaditSaluja/p4src/conga.p4(151) Condition "hdr.ethernet.etherType == 0x7778 && standard_metadata.instance_type == 0" (node_8) is false
[21:27:18.162] [bmv2] [D] [thread 23246] [2.0] [cxt 0] Pipeline 'ingress': end
[21:27:18.162] [bmv2] [D] [thread 23246] [2.0] [cxt 0] Egress port is 511
[21:27:18.162] [bmv2] [D] [thread 23246] [2.0] [cxt 0] Dropping packet at the end of ingress
[21:27:18.162] [bmv2] [D] [thread 23246] [3.0] [cxt 0] Processing packet received on port 4
[21:27:18.162] [bmv2] [D] [thread 23246] [3.0] [cxt 0] Parser 'parser': start
[21:27:18.162] [bmv2] [D] [thread 23246] [3.0] [cxt 0] Parser 'parser' entering state 'start'
[21:27:18.162] [bmv2] [D] [thread 23246] [3.0] [cxt 0] Extracting header 'ethernet'
[21:27:18.162] [bmv2] [D] [thread 23246] [3.0] [cxt 0] Parser state 'start': key is 86dd
[21:27:18.162] [bmv2] [T] [thread 23246] [3.0] [cxt 0] Bytes parsed: 14
[21:27:18.162] [bmv2] [D] [thread 23246] [3.0] [cxt 0] Parser 'parser': end
[21:27:18.162] [bmv2] [D] [thread 23246] [3.0] [cxt 0] Pipeline 'ingress': start
[21:27:18.162] [bmv2] [T] [thread 23246] [3.0] [cxt 0] /home/p4/cs145-23-project6-AaditSaluja/p4src/conga.p4(133) Condition "standard_metadata.instance_type == 4" (node_2) is false
[21:27:18.162] [bmv2] [T] [thread 23246] [3.0] [cxt 0] /home/p4/cs145-23-project6-AaditSaluja/p4src/conga.p4(141) Condition "hdr.ipv4.isValid()" (node_4) is false
[21:27:18.162] [bmv2] [T] [thread 23246] [3.0] [cxt 0] Applying table 'MyIngress.egress_type_table'
[21:27:18.162] [bmv2] [D] [thread 23246] [3.0] [cxt 0] Looking up key:
* standard_metadata.egress_spec: 0000

[21:27:18.163] [bmv2] [D] [thread 23246] [3.0] [cxt 0] Table 'MyIngress.egress_type_table': miss
[21:27:18.163] [bmv2] [D] [thread 23246] [3.0] [cxt 0] Action entry is MyIngress.drop - 
[21:27:18.163] [bmv2] [T] [thread 23246] [3.0] [cxt 0] Action MyIngress.drop
[21:27:18.163] [bmv2] [T] [thread 23246] [3.0] [cxt 0] /home/p4/cs145-23-project6-AaditSaluja/p4src/conga.p4(35) Primitive mark_to_drop(standard_metadata)
[21:27:18.163] [bmv2] [T] [thread 23246] [3.0] [cxt 0] /home/p4/cs145-23-project6-AaditSaluja/p4src/conga.p4(151) Condition "hdr.ethernet.etherType == 0x7778 && standard_metadata.instance_type == 0" (node_8) is false
[21:27:18.163] [bmv2] [D] [thread 23246] [3.0] [cxt 0] Pipeline 'ingress': end
[21:27:18.163] [bmv2] [D] [thread 23246] [3.0] [cxt 0] Egress port is 511
[21:27:18.163] [bmv2] [D] [thread 23246] [3.0] [cxt 0] Dropping packet at the end of ingress
[21:27:18.163] [bmv2] [D] [thread 23246] [4.0] [cxt 0] Processing packet received on port 5
[21:27:18.163] [bmv2] [D] [thread 23246] [4.0] [cxt 0] Parser 'parser': start
[21:27:18.163] [bmv2] [D] [thread 23246] [4.0] [cxt 0] Parser 'parser' entering state 'start'
[21:27:18.163] [bmv2] [D] [thread 23246] [4.0] [cxt 0] Extracting header 'ethernet'
[21:27:18.163] [bmv2] [D] [thread 23246] [4.0] [cxt 0] Parser state 'start': key is 86dd
[21:27:18.163] [bmv2] [T] [thread 23246] [4.0] [cxt 0] Bytes parsed: 14
[21:27:18.163] [bmv2] [D] [thread 23246] [4.0] [cxt 0] Parser 'parser': end
[21:27:18.163] [bmv2] [D] [thread 23246] [4.0] [cxt 0] Pipeline 'ingress': start
[21:27:18.163] [bmv2] [T] [thread 23246] [4.0] [cxt 0] /home/p4/cs145-23-project6-AaditSaluja/p4src/conga.p4(133) Condition "standard_metadata.instance_type == 4" (node_2) is false
[21:27:18.163] [bmv2] [T] [thread 23246] [4.0] [cxt 0] /home/p4/cs145-23-project6-AaditSaluja/p4src/conga.p4(141) Condition "hdr.ipv4.isValid()" (node_4) is false
[21:27:18.163] [bmv2] [T] [thread 23246] [4.0] [cxt 0] Applying table 'MyIngress.egress_type_table'
[21:27:18.163] [bmv2] [D] [thread 23246] [4.0] [cxt 0] Looking up key:
* standard_metadata.egress_spec: 0000

[21:27:18.163] [bmv2] [D] [thread 23246] [4.0] [cxt 0] Table 'MyIngress.egress_type_table': miss
[21:27:18.163] [bmv2] [D] [thread 23246] [4.0] [cxt 0] Action entry is MyIngress.drop - 
[21:27:18.163] [bmv2] [T] [thread 23246] [4.0] [cxt 0] Action MyIngress.drop
[21:27:18.163] [bmv2] [T] [thread 23246] [4.0] [cxt 0] /home/p4/cs145-23-project6-AaditSaluja/p4src/conga.p4(35) Primitive mark_to_drop(standard_metadata)
[21:27:18.163] [bmv2] [T] [thread 23246] [4.0] [cxt 0] /home/p4/cs145-23-project6-AaditSaluja/p4src/conga.p4(151) Condition "hdr.ethernet.etherType == 0x7778 && standard_metadata.instance_type == 0" (node_8) is false
[21:27:18.163] [bmv2] [D] [thread 23246] [4.0] [cxt 0] Pipeline 'ingress': end
[21:27:18.163] [bmv2] [D] [thread 23246] [4.0] [cxt 0] Egress port is 511
[21:27:18.163] [bmv2] [D] [thread 23246] [4.0] [cxt 0] Dropping packet at the end of ingress
[21:27:18.163] [bmv2] [D] [thread 23246] [5.0] [cxt 0] Processing packet received on port 6
[21:27:18.163] [bmv2] [D] [thread 23246] [5.0] [cxt 0] Parser 'parser': start
[21:27:18.163] [bmv2] [D] [thread 23246] [5.0] [cxt 0] Parser 'parser' entering state 'start'
[21:27:18.163] [bmv2] [D] [thread 23246] [5.0] [cxt 0] Extracting header 'ethernet'
[21:27:18.163] [bmv2] [D] [thread 23246] [5.0] [cxt 0] Parser state 'start': key is 86dd
[21:27:18.163] [bmv2] [T] [thread 23246] [5.0] [cxt 0] Bytes parsed: 14
[21:27:18.163] [bmv2] [D] [thread 23246] [5.0] [cxt 0] Parser 'parser': end
[21:27:18.163] [bmv2] [D] [thread 23246] [5.0] [cxt 0] Pipeline 'ingress': start
[21:27:18.163] [bmv2] [T] [thread 23246] [5.0] [cxt 0] /home/p4/cs145-23-project6-AaditSaluja/p4src/conga.p4(133) Condition "standard_metadata.instance_type == 4" (node_2) is false
[21:27:18.163] [bmv2] [T] [thread 23246] [5.0] [cxt 0] /home/p4/cs145-23-project6-AaditSaluja/p4src/conga.p4(141) Condition "hdr.ipv4.isValid()" (node_4) is false
[21:27:18.163] [bmv2] [T] [thread 23246] [5.0] [cxt 0] Applying table 'MyIngress.egress_type_table'
[21:27:18.163] [bmv2] [D] [thread 23246] [5.0] [cxt 0] Looking up key:
* standard_metadata.egress_spec: 0000

[21:27:18.163] [bmv2] [D] [thread 23246] [5.0] [cxt 0] Table 'MyIngress.egress_type_table': miss
[21:27:18.163] [bmv2] [D] [thread 23246] [5.0] [cxt 0] Action entry is MyIngress.drop - 
[21:27:18.163] [bmv2] [T] [thread 23246] [5.0] [cxt 0] Action MyIngress.drop
[21:27:18.163] [bmv2] [T] [thread 23246] [5.0] [cxt 0] /home/p4/cs145-23-project6-AaditSaluja/p4src/conga.p4(35) Primitive mark_to_drop(standard_metadata)
[21:27:18.163] [bmv2] [T] [thread 23246] [5.0] [cxt 0] /home/p4/cs145-23-project6-AaditSaluja/p4src/conga.p4(151) Condition "hdr.ethernet.etherType == 0x7778 && standard_metadata.instance_type == 0" (node_8) is false
[21:27:18.163] [bmv2] [D] [thread 23246] [5.0] [cxt 0] Pipeline 'ingress': end
[21:27:18.163] [bmv2] [D] [thread 23246] [5.0] [cxt 0] Egress port is 511
[21:27:18.163] [bmv2] [D] [thread 23246] [5.0] [cxt 0] Dropping packet at the end of ingress
[21:27:18.163] [bmv2] [D] [thread 23246] [6.0] [cxt 0] Processing packet received on port 7
[21:27:18.163] [bmv2] [D] [thread 23246] [6.0] [cxt 0] Parser 'parser': start
[21:27:18.163] [bmv2] [D] [thread 23246] [6.0] [cxt 0] Parser 'parser' entering state 'start'
[21:27:18.163] [bmv2] [D] [thread 23246] [6.0] [cxt 0] Extracting header 'ethernet'
[21:27:18.163] [bmv2] [D] [thread 23246] [6.0] [cxt 0] Parser state 'start': key is 86dd
[21:27:18.163] [bmv2] [T] [thread 23246] [6.0] [cxt 0] Bytes parsed: 14
[21:27:18.163] [bmv2] [D] [thread 23246] [6.0] [cxt 0] Parser 'parser': end
[21:27:18.163] [bmv2] [D] [thread 23246] [6.0] [cxt 0] Pipeline 'ingress': start
[21:27:18.163] [bmv2] [T] [thread 23246] [6.0] [cxt 0] /home/p4/cs145-23-project6-AaditSaluja/p4src/conga.p4(133) Condition "standard_metadata.instance_type == 4" (node_2) is false
[21:27:18.163] [bmv2] [T] [thread 23246] [6.0] [cxt 0] /home/p4/cs145-23-project6-AaditSaluja/p4src/conga.p4(141) Condition "hdr.ipv4.isValid()" (node_4) is false
[21:27:18.163] [bmv2] [T] [thread 23246] [6.0] [cxt 0] Applying table 'MyIngress.egress_type_table'
[21:27:18.163] [bmv2] [D] [thread 23246] [6.0] [cxt 0] Looking up key:
* standard_metadata.egress_spec: 0000

[21:27:18.163] [bmv2] [D] [thread 23246] [6.0] [cxt 0] Table 'MyIngress.egress_type_table': miss
[21:27:18.163] [bmv2] [D] [thread 23246] [6.0] [cxt 0] Action entry is MyIngress.drop - 
[21:27:18.163] [bmv2] [T] [thread 23246] [6.0] [cxt 0] Action MyIngress.drop
[21:27:18.163] [bmv2] [T] [thread 23246] [6.0] [cxt 0] /home/p4/cs145-23-project6-AaditSaluja/p4src/conga.p4(35) Primitive mark_to_drop(standard_metadata)
[21:27:18.163] [bmv2] [T] [thread 23246] [6.0] [cxt 0] /home/p4/cs145-23-project6-AaditSaluja/p4src/conga.p4(151) Condition "hdr.ethernet.etherType == 0x7778 && standard_metadata.instance_type == 0" (node_8) is false
[21:27:18.163] [bmv2] [D] [thread 23246] [6.0] [cxt 0] Pipeline 'ingress': end
[21:27:18.163] [bmv2] [D] [thread 23246] [6.0] [cxt 0] Egress port is 511
[21:27:18.163] [bmv2] [D] [thread 23246] [6.0] [cxt 0] Dropping packet at the end of ingress
[21:27:18.163] [bmv2] [D] [thread 23246] [7.0] [cxt 0] Processing packet received on port 1
[21:27:18.163] [bmv2] [D] [thread 23246] [7.0] [cxt 0] Parser 'parser': start
[21:27:18.163] [bmv2] [D] [thread 23246] [7.0] [cxt 0] Parser 'parser' entering state 'start'
[21:27:18.163] [bmv2] [D] [thread 23246] [7.0] [cxt 0] Extracting header 'ethernet'
[21:27:18.163] [bmv2] [D] [thread 23246] [7.0] [cxt 0] Parser state 'start': key is 86dd
[21:27:18.163] [bmv2] [T] [thread 23246] [7.0] [cxt 0] Bytes parsed: 14
[21:27:18.163] [bmv2] [D] [thread 23246] [7.0] [cxt 0] Parser 'parser': end
[21:27:18.163] [bmv2] [D] [thread 23246] [7.0] [cxt 0] Pipeline 'ingress': start
[21:27:18.163] [bmv2] [T] [thread 23246] [7.0] [cxt 0] /home/p4/cs145-23-project6-AaditSaluja/p4src/conga.p4(133) Condition "standard_metadata.instance_type == 4" (node_2) is false
[21:27:18.163] [bmv2] [T] [thread 23246] [7.0] [cxt 0] /home/p4/cs145-23-project6-AaditSaluja/p4src/conga.p4(141) Condition "hdr.ipv4.isValid()" (node_4) is false
[21:27:18.163] [bmv2] [T] [thread 23246] [7.0] [cxt 0] Applying table 'MyIngress.egress_type_table'
[21:27:18.163] [bmv2] [D] [thread 23246] [7.0] [cxt 0] Looking up key:
* standard_metadata.egress_spec: 0000

[21:27:18.163] [bmv2] [D] [thread 23246] [7.0] [cxt 0] Table 'MyIngress.egress_type_table': miss
[21:27:18.163] [bmv2] [D] [thread 23246] [7.0] [cxt 0] Action entry is MyIngress.drop - 
[21:27:18.163] [bmv2] [T] [thread 23246] [7.0] [cxt 0] Action MyIngress.drop
[21:27:18.163] [bmv2] [T] [thread 23246] [7.0] [cxt 0] /home/p4/cs145-23-project6-AaditSaluja/p4src/conga.p4(35) Primitive mark_to_drop(standard_metadata)
[21:27:18.163] [bmv2] [T] [thread 23246] [7.0] [cxt 0] /home/p4/cs145-23-project6-AaditSaluja/p4src/conga.p4(151) Condition "hdr.ethernet.etherType == 0x7778 && standard_metadata.instance_type == 0" (node_8) is false
[21:27:18.163] [bmv2] [D] [thread 23246] [7.0] [cxt 0] Pipeline 'ingress': end
[21:27:18.163] [bmv2] [D] [thread 23246] [7.0] [cxt 0] Egress port is 511
[21:27:18.163] [bmv2] [D] [thread 23246] [7.0] [cxt 0] Dropping packet at the end of ingress
[21:27:18.163] [bmv2] [D] [thread 23246] [8.0] [cxt 0] Processing packet received on port 2
[21:27:18.163] [bmv2] [D] [thread 23246] [8.0] [cxt 0] Parser 'parser': start
[21:27:18.163] [bmv2] [D] [thread 23246] [8.0] [cxt 0] Parser 'parser' entering state 'start'
[21:27:18.163] [bmv2] [D] [thread 23246] [8.0] [cxt 0] Extracting header 'ethernet'
[21:27:18.163] [bmv2] [D] [thread 23246] [8.0] [cxt 0] Parser state 'start': key is 86dd
[21:27:18.163] [bmv2] [T] [thread 23246] [8.0] [cxt 0] Bytes parsed: 14
[21:27:18.163] [bmv2] [D] [thread 23246] [8.0] [cxt 0] Parser 'parser': end
[21:27:18.163] [bmv2] [D] [thread 23246] [8.0] [cxt 0] Pipeline 'ingress': start
[21:27:18.163] [bmv2] [T] [thread 23246] [8.0] [cxt 0] /home/p4/cs145-23-project6-AaditSaluja/p4src/conga.p4(133) Condition "standard_metadata.instance_type == 4" (node_2) is false
[21:27:18.163] [bmv2] [T] [thread 23246] [8.0] [cxt 0] /home/p4/cs145-23-project6-AaditSaluja/p4src/conga.p4(141) Condition "hdr.ipv4.isValid()" (node_4) is false
[21:27:18.163] [bmv2] [T] [thread 23246] [8.0] [cxt 0] Applying table 'MyIngress.egress_type_table'
[21:27:18.163] [bmv2] [D] [thread 23246] [8.0] [cxt 0] Looking up key:
* standard_metadata.egress_spec: 0000

[21:27:18.163] [bmv2] [D] [thread 23246] [8.0] [cxt 0] Table 'MyIngress.egress_type_table': miss
[21:27:18.163] [bmv2] [D] [thread 23246] [8.0] [cxt 0] Action entry is MyIngress.drop - 
[21:27:18.163] [bmv2] [T] [thread 23246] [8.0] [cxt 0] Action MyIngress.drop
[21:27:18.163] [bmv2] [T] [thread 23246] [8.0] [cxt 0] /home/p4/cs145-23-project6-AaditSaluja/p4src/conga.p4(35) Primitive mark_to_drop(standard_metadata)
[21:27:18.163] [bmv2] [T] [thread 23246] [8.0] [cxt 0] /home/p4/cs145-23-project6-AaditSaluja/p4src/conga.p4(151) Condition "hdr.ethernet.etherType == 0x7778 && standard_metadata.instance_type == 0" (node_8) is false
[21:27:18.163] [bmv2] [D] [thread 23246] [8.0] [cxt 0] Pipeline 'ingress': end
[21:27:18.163] [bmv2] [D] [thread 23246] [8.0] [cxt 0] Egress port is 511
[21:27:18.163] [bmv2] [D] [thread 23246] [8.0] [cxt 0] Dropping packet at the end of ingress
[21:27:18.163] [bmv2] [D] [thread 23246] [9.0] [cxt 0] Processing packet received on port 3
[21:27:18.163] [bmv2] [D] [thread 23246] [9.0] [cxt 0] Parser 'parser': start
[21:27:18.163] [bmv2] [D] [thread 23246] [9.0] [cxt 0] Parser 'parser' entering state 'start'
[21:27:18.163] [bmv2] [D] [thread 23246] [9.0] [cxt 0] Extracting header 'ethernet'
[21:27:18.163] [bmv2] [D] [thread 23246] [9.0] [cxt 0] Parser state 'start': key is 86dd
[21:27:18.163] [bmv2] [T] [thread 23246] [9.0] [cxt 0] Bytes parsed: 14
[21:27:18.163] [bmv2] [D] [thread 23246] [9.0] [cxt 0] Parser 'parser': end
[21:27:18.163] [bmv2] [D] [thread 23246] [9.0] [cxt 0] Pipeline 'ingress': start
[21:27:18.163] [bmv2] [T] [thread 23246] [9.0] [cxt 0] /home/p4/cs145-23-project6-AaditSaluja/p4src/conga.p4(133) Condition "standard_metadata.instance_type == 4" (node_2) is false
[21:27:18.163] [bmv2] [T] [thread 23246] [9.0] [cxt 0] /home/p4/cs145-23-project6-AaditSaluja/p4src/conga.p4(141) Condition "hdr.ipv4.isValid()" (node_4) is false
[21:27:18.163] [bmv2] [T] [thread 23246] [9.0] [cxt 0] Applying table 'MyIngress.egress_type_table'
[21:27:18.163] [bmv2] [D] [thread 23246] [9.0] [cxt 0] Looking up key:
* standard_metadata.egress_spec: 0000

[21:27:18.163] [bmv2] [D] [thread 23246] [9.0] [cxt 0] Table 'MyIngress.egress_type_table': miss
[21:27:18.163] [bmv2] [D] [thread 23246] [9.0] [cxt 0] Action entry is MyIngress.drop - 
[21:27:18.163] [bmv2] [T] [thread 23246] [9.0] [cxt 0] Action MyIngress.drop
[21:27:18.163] [bmv2] [T] [thread 23246] [9.0] [cxt 0] /home/p4/cs145-23-project6-AaditSaluja/p4src/conga.p4(35) Primitive mark_to_drop(standard_metadata)
[21:27:18.163] [bmv2] [T] [thread 23246] [9.0] [cxt 0] /home/p4/cs145-23-project6-AaditSaluja/p4src/conga.p4(151) Condition "hdr.ethernet.etherType == 0x7778 && standard_metadata.instance_type == 0" (node_8) is false
[21:27:18.163] [bmv2] [D] [thread 23246] [9.0] [cxt 0] Pipeline 'ingress': end
[21:27:18.163] [bmv2] [D] [thread 23246] [9.0] [cxt 0] Egress port is 511
[21:27:18.163] [bmv2] [D] [thread 23246] [9.0] [cxt 0] Dropping packet at the end of ingress
[21:27:18.163] [bmv2] [D] [thread 23246] [10.0] [cxt 0] Processing packet received on port 4
[21:27:18.163] [bmv2] [D] [thread 23246] [10.0] [cxt 0] Parser 'parser': start
[21:27:18.163] [bmv2] [D] [thread 23246] [10.0] [cxt 0] Parser 'parser' entering state 'start'
[21:27:18.163] [bmv2] [D] [thread 23246] [10.0] [cxt 0] Extracting header 'ethernet'
[21:27:18.163] [bmv2] [D] [thread 23246] [10.0] [cxt 0] Parser state 'start': key is 86dd
[21:27:18.163] [bmv2] [T] [thread 23246] [10.0] [cxt 0] Bytes parsed: 14
[21:27:18.163] [bmv2] [D] [thread 23246] [10.0] [cxt 0] Parser 'parser': end
[21:27:18.163] [bmv2] [D] [thread 23246] [10.0] [cxt 0] Pipeline 'ingress': start
[21:27:18.163] [bmv2] [T] [thread 23246] [10.0] [cxt 0] /home/p4/cs145-23-project6-AaditSaluja/p4src/conga.p4(133) Condition "standard_metadata.instance_type == 4" (node_2) is false
[21:27:18.163] [bmv2] [T] [thread 23246] [10.0] [cxt 0] /home/p4/cs145-23-project6-AaditSaluja/p4src/conga.p4(141) Condition "hdr.ipv4.isValid()" (node_4) is false
[21:27:18.163] [bmv2] [T] [thread 23246] [10.0] [cxt 0] Applying table 'MyIngress.egress_type_table'
[21:27:18.163] [bmv2] [D] [thread 23246] [10.0] [cxt 0] Looking up key:
* standard_metadata.egress_spec: 0000

[21:27:18.163] [bmv2] [D] [thread 23246] [10.0] [cxt 0] Table 'MyIngress.egress_type_table': miss
[21:27:18.163] [bmv2] [D] [thread 23246] [10.0] [cxt 0] Action entry is MyIngress.drop - 
[21:27:18.163] [bmv2] [T] [thread 23246] [10.0] [cxt 0] Action MyIngress.drop
[21:27:18.164] [bmv2] [T] [thread 23246] [10.0] [cxt 0] /home/p4/cs145-23-project6-AaditSaluja/p4src/conga.p4(35) Primitive mark_to_drop(standard_metadata)
[21:27:18.164] [bmv2] [T] [thread 23246] [10.0] [cxt 0] /home/p4/cs145-23-project6-AaditSaluja/p4src/conga.p4(151) Condition "hdr.ethernet.etherType == 0x7778 && standard_metadata.instance_type == 0" (node_8) is false
[21:27:18.164] [bmv2] [D] [thread 23246] [10.0] [cxt 0] Pipeline 'ingress': end
[21:27:18.164] [bmv2] [D] [thread 23246] [10.0] [cxt 0] Egress port is 511
[21:27:18.164] [bmv2] [D] [thread 23246] [10.0] [cxt 0] Dropping packet at the end of ingress
[21:27:18.164] [bmv2] [D] [thread 23246] [11.0] [cxt 0] Processing packet received on port 5
[21:27:18.164] [bmv2] [D] [thread 23246] [11.0] [cxt 0] Parser 'parser': start
[21:27:18.164] [bmv2] [D] [thread 23246] [11.0] [cxt 0] Parser 'parser' entering state 'start'
[21:27:18.164] [bmv2] [D] [thread 23246] [11.0] [cxt 0] Extracting header 'ethernet'
[21:27:18.164] [bmv2] [D] [thread 23246] [11.0] [cxt 0] Parser state 'start': key is 86dd
[21:27:18.164] [bmv2] [T] [thread 23246] [11.0] [cxt 0] Bytes parsed: 14
[21:27:18.164] [bmv2] [D] [thread 23246] [11.0] [cxt 0] Parser 'parser': end
[21:27:18.164] [bmv2] [D] [thread 23246] [11.0] [cxt 0] Pipeline 'ingress': start
[21:27:18.164] [bmv2] [T] [thread 23246] [11.0] [cxt 0] /home/p4/cs145-23-project6-AaditSaluja/p4src/conga.p4(133) Condition "standard_metadata.instance_type == 4" (node_2) is false
[21:27:18.164] [bmv2] [T] [thread 23246] [11.0] [cxt 0] /home/p4/cs145-23-project6-AaditSaluja/p4src/conga.p4(141) Condition "hdr.ipv4.isValid()" (node_4) is false
[21:27:18.164] [bmv2] [T] [thread 23246] [11.0] [cxt 0] Applying table 'MyIngress.egress_type_table'
[21:27:18.164] [bmv2] [D] [thread 23246] [11.0] [cxt 0] Looking up key:
* standard_metadata.egress_spec: 0000

[21:27:18.164] [bmv2] [D] [thread 23246] [11.0] [cxt 0] Table 'MyIngress.egress_type_table': miss
[21:27:18.164] [bmv2] [D] [thread 23246] [11.0] [cxt 0] Action entry is MyIngress.drop - 
[21:27:18.164] [bmv2] [T] [thread 23246] [11.0] [cxt 0] Action MyIngress.drop
[21:27:18.164] [bmv2] [T] [thread 23246] [11.0] [cxt 0] /home/p4/cs145-23-project6-AaditSaluja/p4src/conga.p4(35) Primitive mark_to_drop(standard_metadata)
[21:27:18.164] [bmv2] [T] [thread 23246] [11.0] [cxt 0] /home/p4/cs145-23-project6-AaditSaluja/p4src/conga.p4(151) Condition "hdr.ethernet.etherType == 0x7778 && standard_metadata.instance_type == 0" (node_8) is false
[21:27:18.164] [bmv2] [D] [thread 23246] [11.0] [cxt 0] Pipeline 'ingress': end
[21:27:18.164] [bmv2] [D] [thread 23246] [11.0] [cxt 0] Egress port is 511
[21:27:18.164] [bmv2] [D] [thread 23246] [11.0] [cxt 0] Dropping packet at the end of ingress
[21:27:18.164] [bmv2] [D] [thread 23246] [12.0] [cxt 0] Processing packet received on port 6
[21:27:18.164] [bmv2] [D] [thread 23246] [12.0] [cxt 0] Parser 'parser': start
[21:27:18.164] [bmv2] [D] [thread 23246] [12.0] [cxt 0] Parser 'parser' entering state 'start'
[21:27:18.164] [bmv2] [D] [thread 23246] [12.0] [cxt 0] Extracting header 'ethernet'
[21:27:18.164] [bmv2] [D] [thread 23246] [12.0] [cxt 0] Parser state 'start': key is 86dd
[21:27:18.164] [bmv2] [T] [thread 23246] [12.0] [cxt 0] Bytes parsed: 14
[21:27:18.164] [bmv2] [D] [thread 23246] [12.0] [cxt 0] Parser 'parser': end
[21:27:18.164] [bmv2] [D] [thread 23246] [12.0] [cxt 0] Pipeline 'ingress': start
[21:27:18.164] [bmv2] [T] [thread 23246] [12.0] [cxt 0] /home/p4/cs145-23-project6-AaditSaluja/p4src/conga.p4(133) Condition "standard_metadata.instance_type == 4" (node_2) is false
[21:27:18.164] [bmv2] [T] [thread 23246] [12.0] [cxt 0] /home/p4/cs145-23-project6-AaditSaluja/p4src/conga.p4(141) Condition "hdr.ipv4.isValid()" (node_4) is false
[21:27:18.164] [bmv2] [T] [thread 23246] [12.0] [cxt 0] Applying table 'MyIngress.egress_type_table'
[21:27:18.164] [bmv2] [D] [thread 23246] [12.0] [cxt 0] Looking up key:
* standard_metadata.egress_spec: 0000

[21:27:18.164] [bmv2] [D] [thread 23246] [12.0] [cxt 0] Table 'MyIngress.egress_type_table': miss
[21:27:18.164] [bmv2] [D] [thread 23246] [12.0] [cxt 0] Action entry is MyIngress.drop - 
[21:27:18.164] [bmv2] [T] [thread 23246] [12.0] [cxt 0] Action MyIngress.drop
[21:27:18.164] [bmv2] [T] [thread 23246] [12.0] [cxt 0] /home/p4/cs145-23-project6-AaditSaluja/p4src/conga.p4(35) Primitive mark_to_drop(standard_metadata)
[21:27:18.164] [bmv2] [T] [thread 23246] [12.0] [cxt 0] /home/p4/cs145-23-project6-AaditSaluja/p4src/conga.p4(151) Condition "hdr.ethernet.etherType == 0x7778 && standard_metadata.instance_type == 0" (node_8) is false
[21:27:18.164] [bmv2] [D] [thread 23246] [12.0] [cxt 0] Pipeline 'ingress': end
[21:27:18.164] [bmv2] [D] [thread 23246] [12.0] [cxt 0] Egress port is 511
[21:27:18.164] [bmv2] [D] [thread 23246] [12.0] [cxt 0] Dropping packet at the end of ingress
[21:27:18.164] [bmv2] [D] [thread 23246] [13.0] [cxt 0] Processing packet received on port 1
[21:27:18.164] [bmv2] [D] [thread 23246] [13.0] [cxt 0] Parser 'parser': start
[21:27:18.164] [bmv2] [D] [thread 23246] [13.0] [cxt 0] Parser 'parser' entering state 'start'
[21:27:18.164] [bmv2] [D] [thread 23246] [13.0] [cxt 0] Extracting header 'ethernet'
[21:27:18.164] [bmv2] [D] [thread 23246] [13.0] [cxt 0] Parser state 'start': key is 86dd
[21:27:18.164] [bmv2] [T] [thread 23246] [13.0] [cxt 0] Bytes parsed: 14
[21:27:18.164] [bmv2] [D] [thread 23246] [13.0] [cxt 0] Parser 'parser': end
[21:27:18.164] [bmv2] [D] [thread 23246] [13.0] [cxt 0] Pipeline 'ingress': start
[21:27:18.164] [bmv2] [T] [thread 23246] [13.0] [cxt 0] /home/p4/cs145-23-project6-AaditSaluja/p4src/conga.p4(133) Condition "standard_metadata.instance_type == 4" (node_2) is false
[21:27:18.164] [bmv2] [T] [thread 23246] [13.0] [cxt 0] /home/p4/cs145-23-project6-AaditSaluja/p4src/conga.p4(141) Condition "hdr.ipv4.isValid()" (node_4) is false
[21:27:18.164] [bmv2] [T] [thread 23246] [13.0] [cxt 0] Applying table 'MyIngress.egress_type_table'
[21:27:18.164] [bmv2] [D] [thread 23246] [13.0] [cxt 0] Looking up key:
* standard_metadata.egress_spec: 0000

[21:27:18.164] [bmv2] [D] [thread 23246] [13.0] [cxt 0] Table 'MyIngress.egress_type_table': miss
[21:27:18.164] [bmv2] [D] [thread 23246] [13.0] [cxt 0] Action entry is MyIngress.drop - 
[21:27:18.164] [bmv2] [T] [thread 23246] [13.0] [cxt 0] Action MyIngress.drop
[21:27:18.164] [bmv2] [T] [thread 23246] [13.0] [cxt 0] /home/p4/cs145-23-project6-AaditSaluja/p4src/conga.p4(35) Primitive mark_to_drop(standard_metadata)
[21:27:18.164] [bmv2] [T] [thread 23246] [13.0] [cxt 0] /home/p4/cs145-23-project6-AaditSaluja/p4src/conga.p4(151) Condition "hdr.ethernet.etherType == 0x7778 && standard_metadata.instance_type == 0" (node_8) is false
[21:27:18.164] [bmv2] [D] [thread 23246] [13.0] [cxt 0] Pipeline 'ingress': end
[21:27:18.164] [bmv2] [D] [thread 23246] [13.0] [cxt 0] Egress port is 511
[21:27:18.164] [bmv2] [D] [thread 23246] [13.0] [cxt 0] Dropping packet at the end of ingress
[21:27:18.164] [bmv2] [D] [thread 23246] [14.0] [cxt 0] Processing packet received on port 4
[21:27:18.164] [bmv2] [D] [thread 23246] [14.0] [cxt 0] Parser 'parser': start
[21:27:18.164] [bmv2] [D] [thread 23246] [14.0] [cxt 0] Parser 'parser' entering state 'start'
[21:27:18.164] [bmv2] [D] [thread 23246] [14.0] [cxt 0] Extracting header 'ethernet'
[21:27:18.164] [bmv2] [D] [thread 23246] [14.0] [cxt 0] Parser state 'start': key is 86dd
[21:27:18.164] [bmv2] [T] [thread 23246] [14.0] [cxt 0] Bytes parsed: 14
[21:27:18.164] [bmv2] [D] [thread 23246] [14.0] [cxt 0] Parser 'parser': end
[21:27:18.164] [bmv2] [D] [thread 23246] [14.0] [cxt 0] Pipeline 'ingress': start
[21:27:18.164] [bmv2] [T] [thread 23246] [14.0] [cxt 0] /home/p4/cs145-23-project6-AaditSaluja/p4src/conga.p4(133) Condition "standard_metadata.instance_type == 4" (node_2) is false
[21:27:18.164] [bmv2] [T] [thread 23246] [14.0] [cxt 0] /home/p4/cs145-23-project6-AaditSaluja/p4src/conga.p4(141) Condition "hdr.ipv4.isValid()" (node_4) is false
[21:27:18.164] [bmv2] [T] [thread 23246] [14.0] [cxt 0] Applying table 'MyIngress.egress_type_table'
[21:27:18.164] [bmv2] [D] [thread 23246] [14.0] [cxt 0] Looking up key:
* standard_metadata.egress_spec: 0000

[21:27:18.164] [bmv2] [D] [thread 23246] [14.0] [cxt 0] Table 'MyIngress.egress_type_table': miss
[21:27:18.164] [bmv2] [D] [thread 23246] [14.0] [cxt 0] Action entry is MyIngress.drop - 
[21:27:18.164] [bmv2] [T] [thread 23246] [14.0] [cxt 0] Action MyIngress.drop
[21:27:18.164] [bmv2] [T] [thread 23246] [14.0] [cxt 0] /home/p4/cs145-23-project6-AaditSaluja/p4src/conga.p4(35) Primitive mark_to_drop(standard_metadata)
[21:27:18.164] [bmv2] [T] [thread 23246] [14.0] [cxt 0] /home/p4/cs145-23-project6-AaditSaluja/p4src/conga.p4(151) Condition "hdr.ethernet.etherType == 0x7778 && standard_metadata.instance_type == 0" (node_8) is false
[21:27:18.164] [bmv2] [D] [thread 23246] [14.0] [cxt 0] Pipeline 'ingress': end
[21:27:18.164] [bmv2] [D] [thread 23246] [14.0] [cxt 0] Egress port is 511
[21:27:18.164] [bmv2] [D] [thread 23246] [14.0] [cxt 0] Dropping packet at the end of ingress
[21:27:18.164] [bmv2] [D] [thread 23246] [15.0] [cxt 0] Processing packet received on port 1
[21:27:18.164] [bmv2] [D] [thread 23246] [15.0] [cxt 0] Parser 'parser': start
[21:27:18.164] [bmv2] [D] [thread 23246] [15.0] [cxt 0] Parser 'parser' entering state 'start'
[21:27:18.164] [bmv2] [D] [thread 23246] [15.0] [cxt 0] Extracting header 'ethernet'
[21:27:18.164] [bmv2] [D] [thread 23246] [15.0] [cxt 0] Parser state 'start': key is 86dd
[21:27:18.164] [bmv2] [T] [thread 23246] [15.0] [cxt 0] Bytes parsed: 14
[21:27:18.164] [bmv2] [D] [thread 23246] [15.0] [cxt 0] Parser 'parser': end
[21:27:18.164] [bmv2] [D] [thread 23246] [15.0] [cxt 0] Pipeline 'ingress': start
[21:27:18.164] [bmv2] [T] [thread 23246] [15.0] [cxt 0] /home/p4/cs145-23-project6-AaditSaluja/p4src/conga.p4(133) Condition "standard_metadata.instance_type == 4" (node_2) is false
[21:27:18.164] [bmv2] [T] [thread 23246] [15.0] [cxt 0] /home/p4/cs145-23-project6-AaditSaluja/p4src/conga.p4(141) Condition "hdr.ipv4.isValid()" (node_4) is false
[21:27:18.164] [bmv2] [T] [thread 23246] [15.0] [cxt 0] Applying table 'MyIngress.egress_type_table'
[21:27:18.164] [bmv2] [D] [thread 23246] [15.0] [cxt 0] Looking up key:
* standard_metadata.egress_spec: 0000

[21:27:18.164] [bmv2] [D] [thread 23246] [15.0] [cxt 0] Table 'MyIngress.egress_type_table': miss
[21:27:18.164] [bmv2] [D] [thread 23246] [15.0] [cxt 0] Action entry is MyIngress.drop - 
[21:27:18.164] [bmv2] [T] [thread 23246] [15.0] [cxt 0] Action MyIngress.drop
[21:27:18.164] [bmv2] [T] [thread 23246] [15.0] [cxt 0] /home/p4/cs145-23-project6-AaditSaluja/p4src/conga.p4(35) Primitive mark_to_drop(standard_metadata)
[21:27:18.164] [bmv2] [T] [thread 23246] [15.0] [cxt 0] /home/p4/cs145-23-project6-AaditSaluja/p4src/conga.p4(151) Condition "hdr.ethernet.etherType == 0x7778 && standard_metadata.instance_type == 0" (node_8) is false
[21:27:18.164] [bmv2] [D] [thread 23246] [15.0] [cxt 0] Pipeline 'ingress': end
[21:27:18.164] [bmv2] [D] [thread 23246] [15.0] [cxt 0] Egress port is 511
[21:27:18.164] [bmv2] [D] [thread 23246] [15.0] [cxt 0] Dropping packet at the end of ingress
[21:27:18.164] [bmv2] [D] [thread 23246] [16.0] [cxt 0] Processing packet received on port 5
[21:27:18.164] [bmv2] [D] [thread 23246] [16.0] [cxt 0] Parser 'parser': start
[21:27:18.164] [bmv2] [D] [thread 23246] [16.0] [cxt 0] Parser 'parser' entering state 'start'
[21:27:18.164] [bmv2] [D] [thread 23246] [16.0] [cxt 0] Extracting header 'ethernet'
[21:27:18.164] [bmv2] [D] [thread 23246] [16.0] [cxt 0] Parser state 'start': key is 86dd
[21:27:18.164] [bmv2] [T] [thread 23246] [16.0] [cxt 0] Bytes parsed: 14
[21:27:18.164] [bmv2] [D] [thread 23246] [16.0] [cxt 0] Parser 'parser': end
[21:27:18.164] [bmv2] [D] [thread 23246] [16.0] [cxt 0] Pipeline 'ingress': start
[21:27:18.164] [bmv2] [T] [thread 23246] [16.0] [cxt 0] /home/p4/cs145-23-project6-AaditSaluja/p4src/conga.p4(133) Condition "standard_metadata.instance_type == 4" (node_2) is false
[21:27:18.164] [bmv2] [T] [thread 23246] [16.0] [cxt 0] /home/p4/cs145-23-project6-AaditSaluja/p4src/conga.p4(141) Condition "hdr.ipv4.isValid()" (node_4) is false
[21:27:18.164] [bmv2] [T] [thread 23246] [16.0] [cxt 0] Applying table 'MyIngress.egress_type_table'
[21:27:18.164] [bmv2] [D] [thread 23246] [16.0] [cxt 0] Looking up key:
* standard_metadata.egress_spec: 0000

[21:27:18.164] [bmv2] [D] [thread 23246] [16.0] [cxt 0] Table 'MyIngress.egress_type_table': miss
[21:27:18.164] [bmv2] [D] [thread 23246] [16.0] [cxt 0] Action entry is MyIngress.drop - 
[21:27:18.164] [bmv2] [T] [thread 23246] [16.0] [cxt 0] Action MyIngress.drop
[21:27:18.164] [bmv2] [T] [thread 23246] [16.0] [cxt 0] /home/p4/cs145-23-project6-AaditSaluja/p4src/conga.p4(35) Primitive mark_to_drop(standard_metadata)
[21:27:18.164] [bmv2] [T] [thread 23246] [16.0] [cxt 0] /home/p4/cs145-23-project6-AaditSaluja/p4src/conga.p4(151) Condition "hdr.ethernet.etherType == 0x7778 && standard_metadata.instance_type == 0" (node_8) is false
[21:27:18.164] [bmv2] [D] [thread 23246] [16.0] [cxt 0] Pipeline 'ingress': end
[21:27:18.164] [bmv2] [D] [thread 23246] [16.0] [cxt 0] Egress port is 511
[21:27:18.164] [bmv2] [D] [thread 23246] [16.0] [cxt 0] Dropping packet at the end of ingress
[21:27:18.164] [bmv2] [D] [thread 23246] [17.0] [cxt 0] Processing packet received on port 1
[21:27:18.164] [bmv2] [D] [thread 23246] [17.0] [cxt 0] Parser 'parser': start
[21:27:18.164] [bmv2] [D] [thread 23246] [17.0] [cxt 0] Parser 'parser' entering state 'start'
[21:27:18.164] [bmv2] [D] [thread 23246] [17.0] [cxt 0] Extracting header 'ethernet'
[21:27:18.164] [bmv2] [D] [thread 23246] [17.0] [cxt 0] Parser state 'start': key is 86dd
[21:27:18.164] [bmv2] [T] [thread 23246] [17.0] [cxt 0] Bytes parsed: 14
[21:27:18.164] [bmv2] [D] [thread 23246] [17.0] [cxt 0] Parser 'parser': end
[21:27:18.164] [bmv2] [D] [thread 23246] [17.0] [cxt 0] Pipeline 'ingress': start
[21:27:18.164] [bmv2] [T] [thread 23246] [17.0] [cxt 0] /home/p4/cs145-23-project6-AaditSaluja/p4src/conga.p4(133) Condition "standard_metadata.instance_type == 4" (node_2) is false
[21:27:18.164] [bmv2] [T] [thread 23246] [17.0] [cxt 0] /home/p4/cs145-23-project6-AaditSaluja/p4src/conga.p4(141) Condition "hdr.ipv4.isValid()" (node_4) is false
[21:27:18.164] [bmv2] [T] [thread 23246] [17.0] [cxt 0] Applying table 'MyIngress.egress_type_table'
[21:27:18.164] [bmv2] [D] [thread 23246] [17.0] [cxt 0] Looking up key:
* standard_metadata.egress_spec: 0000

[21:27:18.164] [bmv2] [D] [thread 23246] [17.0] [cxt 0] Table 'MyIngress.egress_type_table': miss
[21:27:18.164] [bmv2] [D] [thread 23246] [17.0] [cxt 0] Action entry is MyIngress.drop - 
[21:27:18.164] [bmv2] [T] [thread 23246] [17.0] [cxt 0] Action MyIngress.drop
[21:27:18.164] [bmv2] [T] [thread 23246] [17.0] [cxt 0] /home/p4/cs145-23-project6-AaditSaluja/p4src/conga.p4(35) Primitive mark_to_drop(standard_metadata)
[21:27:18.164] [bmv2] [T] [thread 23246] [17.0] [cxt 0] /home/p4/cs145-23-project6-AaditSaluja/p4src/conga.p4(151) Condition "hdr.ethernet.etherType == 0x7778 && standard_metadata.instance_type == 0" (node_8) is false
[21:27:18.164] [bmv2] [D] [thread 23246] [17.0] [cxt 0] Pipeline 'ingress': end
[21:27:18.164] [bmv2] [D] [thread 23246] [17.0] [cxt 0] Egress port is 511
[21:27:18.164] [bmv2] [D] [thread 23246] [17.0] [cxt 0] Dropping packet at the end of ingress
[21:27:18.169] [bmv2] [D] [thread 23246] [18.0] [cxt 0] Processing packet received on port 4
[21:27:18.169] [bmv2] [D] [thread 23246] [18.0] [cxt 0] Parser 'parser': start
[21:27:18.169] [bmv2] [D] [thread 23246] [18.0] [cxt 0] Parser 'parser' entering state 'start'
[21:27:18.169] [bmv2] [D] [thread 23246] [18.0] [cxt 0] Extracting header 'ethernet'
[21:27:18.169] [bmv2] [D] [thread 23246] [18.0] [cxt 0] Parser state 'start': key is 86dd
[21:27:18.169] [bmv2] [T] [thread 23246] [18.0] [cxt 0] Bytes parsed: 14
[21:27:18.169] [bmv2] [D] [thread 23246] [18.0] [cxt 0] Parser 'parser': end
[21:27:18.169] [bmv2] [D] [thread 23246] [18.0] [cxt 0] Pipeline 'ingress': start
[21:27:18.169] [bmv2] [T] [thread 23246] [18.0] [cxt 0] /home/p4/cs145-23-project6-AaditSaluja/p4src/conga.p4(133) Condition "standard_metadata.instance_type == 4" (node_2) is false
[21:27:18.169] [bmv2] [T] [thread 23246] [18.0] [cxt 0] /home/p4/cs145-23-project6-AaditSaluja/p4src/conga.p4(141) Condition "hdr.ipv4.isValid()" (node_4) is false
[21:27:18.169] [bmv2] [T] [thread 23246] [18.0] [cxt 0] Applying table 'MyIngress.egress_type_table'
[21:27:18.169] [bmv2] [D] [thread 23246] [18.0] [cxt 0] Looking up key:
* standard_metadata.egress_spec: 0000

[21:27:18.169] [bmv2] [D] [thread 23246] [18.0] [cxt 0] Table 'MyIngress.egress_type_table': miss
[21:27:18.169] [bmv2] [D] [thread 23246] [18.0] [cxt 0] Action entry is MyIngress.drop - 
[21:27:18.169] [bmv2] [T] [thread 23246] [18.0] [cxt 0] Action MyIngress.drop
[21:27:18.169] [bmv2] [T] [thread 23246] [18.0] [cxt 0] /home/p4/cs145-23-project6-AaditSaluja/p4src/conga.p4(35) Primitive mark_to_drop(standard_metadata)
[21:27:18.169] [bmv2] [T] [thread 23246] [18.0] [cxt 0] /home/p4/cs145-23-project6-AaditSaluja/p4src/conga.p4(151) Condition "hdr.ethernet.etherType == 0x7778 && standard_metadata.instance_type == 0" (node_8) is false
[21:27:18.169] [bmv2] [D] [thread 23246] [18.0] [cxt 0] Pipeline 'ingress': end
[21:27:18.169] [bmv2] [D] [thread 23246] [18.0] [cxt 0] Egress port is 511
[21:27:18.169] [bmv2] [D] [thread 23246] [18.0] [cxt 0] Dropping packet at the end of ingress
[21:27:18.191] [bmv2] [D] [thread 23246] [19.0] [cxt 0] Processing packet received on port 4
[21:27:18.191] [bmv2] [D] [thread 23246] [19.0] [cxt 0] Parser 'parser': start
[21:27:18.191] [bmv2] [D] [thread 23246] [19.0] [cxt 0] Parser 'parser' entering state 'start'
[21:27:18.191] [bmv2] [D] [thread 23246] [19.0] [cxt 0] Extracting header 'ethernet'
[21:27:18.191] [bmv2] [D] [thread 23246] [19.0] [cxt 0] Parser state 'start': key is 86dd
[21:27:18.191] [bmv2] [T] [thread 23246] [19.0] [cxt 0] Bytes parsed: 14
[21:27:18.191] [bmv2] [D] [thread 23246] [19.0] [cxt 0] Parser 'parser': end
[21:27:18.191] [bmv2] [D] [thread 23246] [19.0] [cxt 0] Pipeline 'ingress': start
[21:27:18.191] [bmv2] [T] [thread 23246] [19.0] [cxt 0] /home/p4/cs145-23-project6-AaditSaluja/p4src/conga.p4(133) Condition "standard_metadata.instance_type == 4" (node_2) is false
[21:27:18.191] [bmv2] [T] [thread 23246] [19.0] [cxt 0] /home/p4/cs145-23-project6-AaditSaluja/p4src/conga.p4(141) Condition "hdr.ipv4.isValid()" (node_4) is false
[21:27:18.191] [bmv2] [T] [thread 23246] [19.0] [cxt 0] Applying table 'MyIngress.egress_type_table'
[21:27:18.191] [bmv2] [D] [thread 23246] [19.0] [cxt 0] Looking up key:
* standard_metadata.egress_spec: 0000

[21:27:18.191] [bmv2] [D] [thread 23246] [19.0] [cxt 0] Table 'MyIngress.egress_type_table': miss
[21:27:18.192] [bmv2] [D] [thread 23246] [19.0] [cxt 0] Action entry is MyIngress.drop - 
[21:27:18.192] [bmv2] [T] [thread 23246] [19.0] [cxt 0] Action MyIngress.drop
[21:27:18.192] [bmv2] [T] [thread 23246] [19.0] [cxt 0] /home/p4/cs145-23-project6-AaditSaluja/p4src/conga.p4(35) Primitive mark_to_drop(standard_metadata)
[21:27:18.192] [bmv2] [T] [thread 23246] [19.0] [cxt 0] /home/p4/cs145-23-project6-AaditSaluja/p4src/conga.p4(151) Condition "hdr.ethernet.etherType == 0x7778 && standard_metadata.instance_type == 0" (node_8) is false
[21:27:18.192] [bmv2] [D] [thread 23246] [19.0] [cxt 0] Pipeline 'ingress': end
[21:27:18.192] [bmv2] [D] [thread 23246] [19.0] [cxt 0] Egress port is 511
[21:27:18.192] [bmv2] [D] [thread 23246] [19.0] [cxt 0] Dropping packet at the end of ingress
[21:27:18.196] [bmv2] [D] [thread 23246] [20.0] [cxt 0] Processing packet received on port 6
[21:27:18.196] [bmv2] [D] [thread 23246] [20.0] [cxt 0] Parser 'parser': start
[21:27:18.196] [bmv2] [D] [thread 23246] [20.0] [cxt 0] Parser 'parser' entering state 'start'
[21:27:18.196] [bmv2] [D] [thread 23246] [20.0] [cxt 0] Extracting header 'ethernet'
[21:27:18.196] [bmv2] [D] [thread 23246] [20.0] [cxt 0] Parser state 'start': key is 86dd
[21:27:18.196] [bmv2] [T] [thread 23246] [20.0] [cxt 0] Bytes parsed: 14
[21:27:18.196] [bmv2] [D] [thread 23246] [20.0] [cxt 0] Parser 'parser': end
[21:27:18.196] [bmv2] [D] [thread 23246] [20.0] [cxt 0] Pipeline 'ingress': start
[21:27:18.196] [bmv2] [T] [thread 23246] [20.0] [cxt 0] /home/p4/cs145-23-project6-AaditSaluja/p4src/conga.p4(133) Condition "standard_metadata.instance_type == 4" (node_2) is false
[21:27:18.196] [bmv2] [T] [thread 23246] [20.0] [cxt 0] /home/p4/cs145-23-project6-AaditSaluja/p4src/conga.p4(141) Condition "hdr.ipv4.isValid()" (node_4) is false
[21:27:18.196] [bmv2] [T] [thread 23246] [20.0] [cxt 0] Applying table 'MyIngress.egress_type_table'
[21:27:18.196] [bmv2] [D] [thread 23246] [20.0] [cxt 0] Looking up key:
* standard_metadata.egress_spec: 0000

[21:27:18.196] [bmv2] [D] [thread 23246] [20.0] [cxt 0] Table 'MyIngress.egress_type_table': miss
[21:27:18.196] [bmv2] [D] [thread 23246] [20.0] [cxt 0] Action entry is MyIngress.drop - 
[21:27:18.196] [bmv2] [T] [thread 23246] [20.0] [cxt 0] Action MyIngress.drop
[21:27:18.196] [bmv2] [T] [thread 23246] [20.0] [cxt 0] /home/p4/cs145-23-project6-AaditSaluja/p4src/conga.p4(35) Primitive mark_to_drop(standard_metadata)
[21:27:18.196] [bmv2] [T] [thread 23246] [20.0] [cxt 0] /home/p4/cs145-23-project6-AaditSaluja/p4src/conga.p4(151) Condition "hdr.ethernet.etherType == 0x7778 && standard_metadata.instance_type == 0" (node_8) is false
[21:27:18.196] [bmv2] [D] [thread 23246] [20.0] [cxt 0] Pipeline 'ingress': end
[21:27:18.196] [bmv2] [D] [thread 23246] [20.0] [cxt 0] Egress port is 511
[21:27:18.196] [bmv2] [D] [thread 23246] [20.0] [cxt 0] Dropping packet at the end of ingress
[21:27:18.202] [bmv2] [D] [thread 23246] [21.0] [cxt 0] Processing packet received on port 5
[21:27:18.202] [bmv2] [D] [thread 23246] [21.0] [cxt 0] Parser 'parser': start
[21:27:18.202] [bmv2] [D] [thread 23246] [21.0] [cxt 0] Parser 'parser' entering state 'start'
[21:27:18.202] [bmv2] [D] [thread 23246] [21.0] [cxt 0] Extracting header 'ethernet'
[21:27:18.202] [bmv2] [D] [thread 23246] [21.0] [cxt 0] Parser state 'start': key is 86dd
[21:27:18.202] [bmv2] [T] [thread 23246] [21.0] [cxt 0] Bytes parsed: 14
[21:27:18.202] [bmv2] [D] [thread 23246] [21.0] [cxt 0] Parser 'parser': end
[21:27:18.202] [bmv2] [D] [thread 23246] [21.0] [cxt 0] Pipeline 'ingress': start
[21:27:18.202] [bmv2] [T] [thread 23246] [21.0] [cxt 0] /home/p4/cs145-23-project6-AaditSaluja/p4src/conga.p4(133) Condition "standard_metadata.instance_type == 4" (node_2) is false
[21:27:18.202] [bmv2] [T] [thread 23246] [21.0] [cxt 0] /home/p4/cs145-23-project6-AaditSaluja/p4src/conga.p4(141) Condition "hdr.ipv4.isValid()" (node_4) is false
[21:27:18.202] [bmv2] [T] [thread 23246] [21.0] [cxt 0] Applying table 'MyIngress.egress_type_table'
[21:27:18.202] [bmv2] [D] [thread 23246] [21.0] [cxt 0] Looking up key:
* standard_metadata.egress_spec: 0000

[21:27:18.202] [bmv2] [D] [thread 23246] [21.0] [cxt 0] Table 'MyIngress.egress_type_table': miss
[21:27:18.202] [bmv2] [D] [thread 23246] [21.0] [cxt 0] Action entry is MyIngress.drop - 
[21:27:18.202] [bmv2] [T] [thread 23246] [21.0] [cxt 0] Action MyIngress.drop
[21:27:18.202] [bmv2] [T] [thread 23246] [21.0] [cxt 0] /home/p4/cs145-23-project6-AaditSaluja/p4src/conga.p4(35) Primitive mark_to_drop(standard_metadata)
[21:27:18.202] [bmv2] [T] [thread 23246] [21.0] [cxt 0] /home/p4/cs145-23-project6-AaditSaluja/p4src/conga.p4(151) Condition "hdr.ethernet.etherType == 0x7778 && standard_metadata.instance_type == 0" (node_8) is false
[21:27:18.202] [bmv2] [D] [thread 23246] [21.0] [cxt 0] Pipeline 'ingress': end
[21:27:18.202] [bmv2] [D] [thread 23246] [21.0] [cxt 0] Egress port is 511
[21:27:18.202] [bmv2] [D] [thread 23246] [21.0] [cxt 0] Dropping packet at the end of ingress
[21:27:18.202] [bmv2] [D] [thread 23246] [22.0] [cxt 0] Processing packet received on port 8
[21:27:18.202] [bmv2] [D] [thread 23246] [22.0] [cxt 0] Parser 'parser': start
[21:27:18.202] [bmv2] [D] [thread 23246] [22.0] [cxt 0] Parser 'parser' entering state 'start'
[21:27:18.202] [bmv2] [D] [thread 23246] [22.0] [cxt 0] Extracting header 'ethernet'
[21:27:18.202] [bmv2] [D] [thread 23246] [22.0] [cxt 0] Parser state 'start': key is 86dd
[21:27:18.202] [bmv2] [T] [thread 23246] [22.0] [cxt 0] Bytes parsed: 14
[21:27:18.202] [bmv2] [D] [thread 23246] [22.0] [cxt 0] Parser 'parser': end
[21:27:18.202] [bmv2] [D] [thread 23246] [22.0] [cxt 0] Pipeline 'ingress': start
[21:27:18.202] [bmv2] [T] [thread 23246] [22.0] [cxt 0] /home/p4/cs145-23-project6-AaditSaluja/p4src/conga.p4(133) Condition "standard_metadata.instance_type == 4" (node_2) is false
[21:27:18.202] [bmv2] [T] [thread 23246] [22.0] [cxt 0] /home/p4/cs145-23-project6-AaditSaluja/p4src/conga.p4(141) Condition "hdr.ipv4.isValid()" (node_4) is false
[21:27:18.202] [bmv2] [T] [thread 23246] [22.0] [cxt 0] Applying table 'MyIngress.egress_type_table'
[21:27:18.202] [bmv2] [D] [thread 23246] [22.0] [cxt 0] Looking up key:
* standard_metadata.egress_spec: 0000

[21:27:18.202] [bmv2] [D] [thread 23246] [22.0] [cxt 0] Table 'MyIngress.egress_type_table': miss
[21:27:18.202] [bmv2] [D] [thread 23246] [22.0] [cxt 0] Action entry is MyIngress.drop - 
[21:27:18.202] [bmv2] [T] [thread 23246] [22.0] [cxt 0] Action MyIngress.drop
[21:27:18.202] [bmv2] [T] [thread 23246] [22.0] [cxt 0] /home/p4/cs145-23-project6-AaditSaluja/p4src/conga.p4(35) Primitive mark_to_drop(standard_metadata)
[21:27:18.202] [bmv2] [T] [thread 23246] [22.0] [cxt 0] /home/p4/cs145-23-project6-AaditSaluja/p4src/conga.p4(151) Condition "hdr.ethernet.etherType == 0x7778 && standard_metadata.instance_type == 0" (node_8) is false
[21:27:18.202] [bmv2] [D] [thread 23246] [22.0] [cxt 0] Pipeline 'ingress': end
[21:27:18.202] [bmv2] [D] [thread 23246] [22.0] [cxt 0] Egress port is 511
[21:27:18.202] [bmv2] [D] [thread 23246] [22.0] [cxt 0] Dropping packet at the end of ingress
[21:27:18.232] [bmv2] [D] [thread 23246] [23.0] [cxt 0] Processing packet received on port 6
[21:27:18.232] [bmv2] [D] [thread 23246] [23.0] [cxt 0] Parser 'parser': start
[21:27:18.232] [bmv2] [D] [thread 23246] [23.0] [cxt 0] Parser 'parser' entering state 'start'
[21:27:18.232] [bmv2] [D] [thread 23246] [23.0] [cxt 0] Extracting header 'ethernet'
[21:27:18.232] [bmv2] [D] [thread 23246] [23.0] [cxt 0] Parser state 'start': key is 86dd
[21:27:18.232] [bmv2] [T] [thread 23246] [23.0] [cxt 0] Bytes parsed: 14
[21:27:18.232] [bmv2] [D] [thread 23246] [23.0] [cxt 0] Parser 'parser': end
[21:27:18.232] [bmv2] [D] [thread 23246] [23.0] [cxt 0] Pipeline 'ingress': start
[21:27:18.232] [bmv2] [T] [thread 23246] [23.0] [cxt 0] /home/p4/cs145-23-project6-AaditSaluja/p4src/conga.p4(133) Condition "standard_metadata.instance_type == 4" (node_2) is false
[21:27:18.232] [bmv2] [T] [thread 23246] [23.0] [cxt 0] /home/p4/cs145-23-project6-AaditSaluja/p4src/conga.p4(141) Condition "hdr.ipv4.isValid()" (node_4) is false
[21:27:18.232] [bmv2] [T] [thread 23246] [23.0] [cxt 0] Applying table 'MyIngress.egress_type_table'
[21:27:18.232] [bmv2] [D] [thread 23246] [23.0] [cxt 0] Looking up key:
* standard_metadata.egress_spec: 0000

[21:27:18.232] [bmv2] [D] [thread 23246] [23.0] [cxt 0] Table 'MyIngress.egress_type_table': miss
[21:27:18.232] [bmv2] [D] [thread 23246] [23.0] [cxt 0] Action entry is MyIngress.drop - 
[21:27:18.232] [bmv2] [T] [thread 23246] [23.0] [cxt 0] Action MyIngress.drop
[21:27:18.232] [bmv2] [T] [thread 23246] [23.0] [cxt 0] /home/p4/cs145-23-project6-AaditSaluja/p4src/conga.p4(35) Primitive mark_to_drop(standard_metadata)
[21:27:18.232] [bmv2] [T] [thread 23246] [23.0] [cxt 0] /home/p4/cs145-23-project6-AaditSaluja/p4src/conga.p4(151) Condition "hdr.ethernet.etherType == 0x7778 && standard_metadata.instance_type == 0" (node_8) is false
[21:27:18.232] [bmv2] [D] [thread 23246] [23.0] [cxt 0] Pipeline 'ingress': end
[21:27:18.232] [bmv2] [D] [thread 23246] [23.0] [cxt 0] Egress port is 511
[21:27:18.232] [bmv2] [D] [thread 23246] [23.0] [cxt 0] Dropping packet at the end of ingress
[21:27:18.232] [bmv2] [D] [thread 23246] [24.0] [cxt 0] Processing packet received on port 7
[21:27:18.232] [bmv2] [D] [thread 23246] [24.0] [cxt 0] Parser 'parser': start
[21:27:18.232] [bmv2] [D] [thread 23246] [24.0] [cxt 0] Parser 'parser' entering state 'start'
[21:27:18.232] [bmv2] [D] [thread 23246] [24.0] [cxt 0] Extracting header 'ethernet'
[21:27:18.232] [bmv2] [D] [thread 23246] [24.0] [cxt 0] Parser state 'start': key is 86dd
[21:27:18.232] [bmv2] [T] [thread 23246] [24.0] [cxt 0] Bytes parsed: 14
[21:27:18.232] [bmv2] [D] [thread 23246] [24.0] [cxt 0] Parser 'parser': end
[21:27:18.232] [bmv2] [D] [thread 23246] [24.0] [cxt 0] Pipeline 'ingress': start
[21:27:18.232] [bmv2] [T] [thread 23246] [24.0] [cxt 0] /home/p4/cs145-23-project6-AaditSaluja/p4src/conga.p4(133) Condition "standard_metadata.instance_type == 4" (node_2) is false
[21:27:18.232] [bmv2] [T] [thread 23246] [24.0] [cxt 0] /home/p4/cs145-23-project6-AaditSaluja/p4src/conga.p4(141) Condition "hdr.ipv4.isValid()" (node_4) is false
[21:27:18.232] [bmv2] [T] [thread 23246] [24.0] [cxt 0] Applying table 'MyIngress.egress_type_table'
[21:27:18.232] [bmv2] [D] [thread 23246] [24.0] [cxt 0] Looking up key:
* standard_metadata.egress_spec: 0000

[21:27:18.232] [bmv2] [D] [thread 23246] [24.0] [cxt 0] Table 'MyIngress.egress_type_table': miss
[21:27:18.232] [bmv2] [D] [thread 23246] [24.0] [cxt 0] Action entry is MyIngress.drop - 
[21:27:18.232] [bmv2] [T] [thread 23246] [24.0] [cxt 0] Action MyIngress.drop
[21:27:18.232] [bmv2] [T] [thread 23246] [24.0] [cxt 0] /home/p4/cs145-23-project6-AaditSaluja/p4src/conga.p4(35) Primitive mark_to_drop(standard_metadata)
[21:27:18.232] [bmv2] [T] [thread 23246] [24.0] [cxt 0] /home/p4/cs145-23-project6-AaditSaluja/p4src/conga.p4(151) Condition "hdr.ethernet.etherType == 0x7778 && standard_metadata.instance_type == 0" (node_8) is false
[21:27:18.232] [bmv2] [D] [thread 23246] [24.0] [cxt 0] Pipeline 'ingress': end
[21:27:18.232] [bmv2] [D] [thread 23246] [24.0] [cxt 0] Egress port is 511
[21:27:18.232] [bmv2] [D] [thread 23246] [24.0] [cxt 0] Dropping packet at the end of ingress
[21:27:18.233] [bmv2] [D] [thread 23246] [25.0] [cxt 0] Processing packet received on port 8
[21:27:18.233] [bmv2] [D] [thread 23246] [25.0] [cxt 0] Parser 'parser': start
[21:27:18.233] [bmv2] [D] [thread 23246] [25.0] [cxt 0] Parser 'parser' entering state 'start'
[21:27:18.233] [bmv2] [D] [thread 23246] [25.0] [cxt 0] Extracting header 'ethernet'
[21:27:18.233] [bmv2] [D] [thread 23246] [25.0] [cxt 0] Parser state 'start': key is 86dd
[21:27:18.233] [bmv2] [T] [thread 23246] [25.0] [cxt 0] Bytes parsed: 14
[21:27:18.233] [bmv2] [D] [thread 23246] [25.0] [cxt 0] Parser 'parser': end
[21:27:18.233] [bmv2] [D] [thread 23246] [25.0] [cxt 0] Pipeline 'ingress': start
[21:27:18.233] [bmv2] [T] [thread 23246] [25.0] [cxt 0] /home/p4/cs145-23-project6-AaditSaluja/p4src/conga.p4(133) Condition "standard_metadata.instance_type == 4" (node_2) is false
[21:27:18.233] [bmv2] [T] [thread 23246] [25.0] [cxt 0] /home/p4/cs145-23-project6-AaditSaluja/p4src/conga.p4(141) Condition "hdr.ipv4.isValid()" (node_4) is false
[21:27:18.233] [bmv2] [T] [thread 23246] [25.0] [cxt 0] Applying table 'MyIngress.egress_type_table'
[21:27:18.233] [bmv2] [D] [thread 23246] [25.0] [cxt 0] Looking up key:
* standard_metadata.egress_spec: 0000

[21:27:18.233] [bmv2] [D] [thread 23246] [25.0] [cxt 0] Table 'MyIngress.egress_type_table': miss
[21:27:18.233] [bmv2] [D] [thread 23246] [25.0] [cxt 0] Action entry is MyIngress.drop - 
[21:27:18.233] [bmv2] [T] [thread 23246] [25.0] [cxt 0] Action MyIngress.drop
[21:27:18.233] [bmv2] [T] [thread 23246] [25.0] [cxt 0] /home/p4/cs145-23-project6-AaditSaluja/p4src/conga.p4(35) Primitive mark_to_drop(standard_metadata)
[21:27:18.233] [bmv2] [T] [thread 23246] [25.0] [cxt 0] /home/p4/cs145-23-project6-AaditSaluja/p4src/conga.p4(151) Condition "hdr.ethernet.etherType == 0x7778 && standard_metadata.instance_type == 0" (node_8) is false
[21:27:18.233] [bmv2] [D] [thread 23246] [25.0] [cxt 0] Pipeline 'ingress': end
[21:27:18.233] [bmv2] [D] [thread 23246] [25.0] [cxt 0] Egress port is 511
[21:27:18.233] [bmv2] [D] [thread 23246] [25.0] [cxt 0] Dropping packet at the end of ingress
[21:27:18.261] [bmv2] [D] [thread 23246] [26.0] [cxt 0] Processing packet received on port 7
[21:27:18.261] [bmv2] [D] [thread 23246] [26.0] [cxt 0] Parser 'parser': start
[21:27:18.261] [bmv2] [D] [thread 23246] [26.0] [cxt 0] Parser 'parser' entering state 'start'
[21:27:18.261] [bmv2] [D] [thread 23246] [26.0] [cxt 0] Extracting header 'ethernet'
[21:27:18.261] [bmv2] [D] [thread 23246] [26.0] [cxt 0] Parser state 'start': key is 86dd
[21:27:18.261] [bmv2] [T] [thread 23246] [26.0] [cxt 0] Bytes parsed: 14
[21:27:18.261] [bmv2] [D] [thread 23246] [26.0] [cxt 0] Parser 'parser': end
[21:27:18.261] [bmv2] [D] [thread 23246] [26.0] [cxt 0] Pipeline 'ingress': start
[21:27:18.261] [bmv2] [T] [thread 23246] [26.0] [cxt 0] /home/p4/cs145-23-project6-AaditSaluja/p4src/conga.p4(133) Condition "standard_metadata.instance_type == 4" (node_2) is false
[21:27:18.261] [bmv2] [T] [thread 23246] [26.0] [cxt 0] /home/p4/cs145-23-project6-AaditSaluja/p4src/conga.p4(141) Condition "hdr.ipv4.isValid()" (node_4) is false
[21:27:18.261] [bmv2] [T] [thread 23246] [26.0] [cxt 0] Applying table 'MyIngress.egress_type_table'
[21:27:18.261] [bmv2] [D] [thread 23246] [26.0] [cxt 0] Looking up key:
* standard_metadata.egress_spec: 0000

[21:27:18.261] [bmv2] [D] [thread 23246] [26.0] [cxt 0] Table 'MyIngress.egress_type_table': miss
[21:27:18.261] [bmv2] [D] [thread 23246] [26.0] [cxt 0] Action entry is MyIngress.drop - 
[21:27:18.261] [bmv2] [T] [thread 23246] [26.0] [cxt 0] Action MyIngress.drop
[21:27:18.261] [bmv2] [T] [thread 23246] [26.0] [cxt 0] /home/p4/cs145-23-project6-AaditSaluja/p4src/conga.p4(35) Primitive mark_to_drop(standard_metadata)
[21:27:18.261] [bmv2] [T] [thread 23246] [26.0] [cxt 0] /home/p4/cs145-23-project6-AaditSaluja/p4src/conga.p4(151) Condition "hdr.ethernet.etherType == 0x7778 && standard_metadata.instance_type == 0" (node_8) is false
[21:27:18.261] [bmv2] [D] [thread 23246] [26.0] [cxt 0] Pipeline 'ingress': end
[21:27:18.261] [bmv2] [D] [thread 23246] [26.0] [cxt 0] Egress port is 511
[21:27:18.261] [bmv2] [D] [thread 23246] [26.0] [cxt 0] Dropping packet at the end of ingress
[21:27:18.550] [bmv2] [T] [thread 23405] bm_get_config
[21:27:18.551] [bmv2] [T] [thread 23405] bm_mt_get_entries
[21:27:18.551] [bmv2] [T] [thread 23405] bm_mt_get_entries
[21:27:18.552] [bmv2] [T] [thread 23405] bm_mt_get_entries
[21:27:18.580] [bmv2] [T] [thread 23405] bm_reset_state
[21:27:18.585] [bmv2] [D] [thread 23405] Resetting simple_switch target-specific state
[21:27:18.585] [bmv2] [D] [thread 23405] resetting PRE state
[21:27:18.588] [bmv2] [T] [thread 23405] bm_set_default_action
[21:27:18.588] [bmv2] [D] [thread 23405] Set default entry for table 'MyIngress.ipv4_lpm': MyIngress.drop - 
[21:27:18.588] [bmv2] [T] [thread 23405] bm_set_default_action
[21:27:18.588] [bmv2] [D] [thread 23405] Set default entry for table 'MyIngress.ecmp_group_to_nhop': MyIngress.drop - 
[21:27:18.594] [bmv2] [T] [thread 23405] bm_table_add_entry
[21:27:18.594] [bmv2] [D] [thread 23405] Entry 0 added to table 'MyIngress.egress_type_table'
[21:27:18.594] [bmv2] [D] [thread 23405] Dumping entry 0
Match key:
* standard_metadata.egress_spec: EXACT     0001
Action entry: MyIngress.set_egress_type - 1,

[21:27:18.595] [bmv2] [T] [thread 23405] bm_table_add_entry
[21:27:18.595] [bmv2] [D] [thread 23405] Entry 1 added to table 'MyIngress.egress_type_table'
[21:27:18.595] [bmv2] [D] [thread 23405] Dumping entry 1
Match key:
* standard_metadata.egress_spec: EXACT     0002
Action entry: MyIngress.set_egress_type - 1,

[21:27:18.595] [bmv2] [T] [thread 23405] bm_table_add_entry
[21:27:18.595] [bmv2] [D] [thread 23405] Entry 2 added to table 'MyIngress.egress_type_table'
[21:27:18.595] [bmv2] [D] [thread 23405] Dumping entry 2
Match key:
* standard_metadata.egress_spec: EXACT     0003
Action entry: MyIngress.set_egress_type - 1,

[21:27:18.595] [bmv2] [T] [thread 23405] bm_table_add_entry
[21:27:18.595] [bmv2] [D] [thread 23405] Entry 3 added to table 'MyIngress.egress_type_table'
[21:27:18.595] [bmv2] [D] [thread 23405] Dumping entry 3
Match key:
* standard_metadata.egress_spec: EXACT     0004
Action entry: MyIngress.set_egress_type - 1,

[21:27:18.596] [bmv2] [T] [thread 23405] bm_table_add_entry
[21:27:18.596] [bmv2] [D] [thread 23405] Entry 4 added to table 'MyIngress.egress_type_table'
[21:27:18.596] [bmv2] [D] [thread 23405] Dumping entry 4
Match key:
* standard_metadata.egress_spec: EXACT     0005
Action entry: MyIngress.set_egress_type - 2,

[21:27:18.596] [bmv2] [T] [thread 23405] bm_table_add_entry
[21:27:18.596] [bmv2] [D] [thread 23405] Entry 5 added to table 'MyIngress.egress_type_table'
[21:27:18.596] [bmv2] [D] [thread 23405] Dumping entry 5
Match key:
* standard_metadata.egress_spec: EXACT     0006
Action entry: MyIngress.set_egress_type - 2,

[21:27:18.596] [bmv2] [T] [thread 23405] bm_table_add_entry
[21:27:18.596] [bmv2] [D] [thread 23405] Entry 6 added to table 'MyIngress.egress_type_table'
[21:27:18.596] [bmv2] [D] [thread 23405] Dumping entry 6
Match key:
* standard_metadata.egress_spec: EXACT     0007
Action entry: MyIngress.set_egress_type - 2,

[21:27:18.597] [bmv2] [T] [thread 23405] bm_table_add_entry
[21:27:18.597] [bmv2] [D] [thread 23405] Entry 7 added to table 'MyIngress.egress_type_table'
[21:27:18.597] [bmv2] [D] [thread 23405] Dumping entry 7
Match key:
* standard_metadata.egress_spec: EXACT     0008
Action entry: MyIngress.set_egress_type - 2,

[21:27:18.599] [bmv2] [T] [thread 23411] mirroring_sesssion_add
[21:27:18.619] [bmv2] [T] [thread 23405] bm_table_add_entry
[21:27:18.619] [bmv2] [D] [thread 23405] Entry 0 added to table 'MyIngress.ecmp_group_to_nhop'
[21:27:18.619] [bmv2] [D] [thread 23405] Dumping entry 0
Match key:
* meta.ecmp_group_id  : EXACT     0001
* meta.ecmp_hash      : EXACT     0000
Action entry: MyIngress.set_nhop - 1e1593be7f0d,5,

[21:27:18.619] [bmv2] [T] [thread 23405] bm_table_add_entry
[21:27:18.619] [bmv2] [D] [thread 23405] Entry 1 added to table 'MyIngress.ecmp_group_to_nhop'
[21:27:18.619] [bmv2] [D] [thread 23405] Dumping entry 1
Match key:
* meta.ecmp_group_id  : EXACT     0001
* meta.ecmp_hash      : EXACT     0001
Action entry: MyIngress.set_nhop - 46cc055d1368,6,

[21:27:18.620] [bmv2] [T] [thread 23405] bm_table_add_entry
[21:27:18.620] [bmv2] [D] [thread 23405] Entry 2 added to table 'MyIngress.ecmp_group_to_nhop'
[21:27:18.620] [bmv2] [D] [thread 23405] Dumping entry 2
Match key:
* meta.ecmp_group_id  : EXACT     0001
* meta.ecmp_hash      : EXACT     0002
Action entry: MyIngress.set_nhop - a21d66c25c6d,7,

[21:27:18.620] [bmv2] [T] [thread 23405] bm_table_add_entry
[21:27:18.620] [bmv2] [D] [thread 23405] Entry 3 added to table 'MyIngress.ecmp_group_to_nhop'
[21:27:18.620] [bmv2] [D] [thread 23405] Dumping entry 3
Match key:
* meta.ecmp_group_id  : EXACT     0001
* meta.ecmp_hash      : EXACT     0003
Action entry: MyIngress.set_nhop - 56f1ea9f7932,8,

[21:27:18.620] [bmv2] [T] [thread 23405] bm_table_add_entry
[21:27:18.620] [bmv2] [D] [thread 23405] Entry 0 added to table 'MyIngress.ipv4_lpm'
[21:27:18.620] [bmv2] [D] [thread 23405] Dumping entry 0
Match key:
* hdr.ipv4.dstAddr    : LPM       0a010102/24
Action entry: MyIngress.ecmp_group - 1,4,

[21:27:18.621] [bmv2] [T] [thread 23405] bm_table_add_entry
[21:27:18.621] [bmv2] [D] [thread 23405] Entry 1 added to table 'MyIngress.ipv4_lpm'
[21:27:18.621] [bmv2] [D] [thread 23405] Dumping entry 1
Match key:
* hdr.ipv4.dstAddr    : LPM       0a010202/24
Action entry: MyIngress.ecmp_group - 1,4,

[21:27:18.621] [bmv2] [T] [thread 23405] bm_table_add_entry
[21:27:18.621] [bmv2] [D] [thread 23405] Entry 2 added to table 'MyIngress.ipv4_lpm'
[21:27:18.621] [bmv2] [D] [thread 23405] Dumping entry 2
Match key:
* hdr.ipv4.dstAddr    : LPM       0a010302/24
Action entry: MyIngress.ecmp_group - 1,4,

[21:27:18.621] [bmv2] [T] [thread 23405] bm_table_add_entry
[21:27:18.621] [bmv2] [D] [thread 23405] Entry 3 added to table 'MyIngress.ipv4_lpm'
[21:27:18.621] [bmv2] [D] [thread 23405] Dumping entry 3
Match key:
* hdr.ipv4.dstAddr    : LPM       0a010402/24
Action entry: MyIngress.ecmp_group - 1,4,

[21:27:18.622] [bmv2] [T] [thread 23405] bm_table_add_entry
[21:27:18.622] [bmv2] [D] [thread 23405] Entry 4 added to table 'MyIngress.ipv4_lpm'
[21:27:18.622] [bmv2] [D] [thread 23405] Dumping entry 4
Match key:
* hdr.ipv4.dstAddr    : LPM       0a060502/32
Action entry: MyIngress.set_nhop - a060502,1,

[21:27:18.622] [bmv2] [T] [thread 23405] bm_table_add_entry
[21:27:18.622] [bmv2] [D] [thread 23405] Entry 5 added to table 'MyIngress.ipv4_lpm'
[21:27:18.622] [bmv2] [D] [thread 23405] Dumping entry 5
Match key:
* hdr.ipv4.dstAddr    : LPM       0a060602/32
Action entry: MyIngress.set_nhop - a060602,2,

[21:27:18.622] [bmv2] [T] [thread 23405] bm_table_add_entry
[21:27:18.622] [bmv2] [D] [thread 23405] Entry 6 added to table 'MyIngress.ipv4_lpm'
[21:27:18.622] [bmv2] [D] [thread 23405] Dumping entry 6
Match key:
* hdr.ipv4.dstAddr    : LPM       0a060702/32
Action entry: MyIngress.set_nhop - a060702,3,

